2025-06-02 11:44:29,052 - databases - INFO - Connected to database sqlite:///./trajectory.db
2025-06-02 11:44:29,052 - main - INFO - Database connected.
2025-06-02 11:44:30,805 - databases - INFO - Disconnected from database sqlite:///./trajectory.db
2025-06-02 11:44:30,806 - main - INFO - Database disconnected.
2025-06-02 11:44:32,166 - databases - INFO - Connected to database sqlite:///./trajectory.db
2025-06-02 11:44:32,166 - main - INFO - Database connected.
2025-06-02 11:45:33,197 - databases - INFO - Connected to database sqlite:///./trajectory.db
2025-06-02 11:45:33,197 - main - INFO - Database connected.
2025-06-02 11:46:20,949 - databases - INFO - Connected to database sqlite:///./trajectory.db
2025-06-02 11:46:20,949 - main - INFO - Database connected.
2025-06-02 11:48:08,594 - databases - INFO - Connected to database sqlite:///./trajectory.db
2025-06-02 11:48:08,594 - main - INFO - Database connected.
2025-06-02 11:49:42,316 - databases - INFO - Connected to database sqlite:///./trajectory.db
2025-06-02 11:49:42,317 - main - INFO - Database connected.
2025-06-02 11:49:45,647 - main - INFO - Retrieved 0 trajectory points.
2025-06-02 11:49:52,755 - main - INFO - Starting deletion of all trajectory points.
2025-06-02 11:49:52,769 - main - INFO - Finished deleting all trajectory points in 0.0147 seconds.
2025-06-02 11:52:11,292 - main - INFO - Starting deletion of all trajectory points.
2025-06-02 11:52:11,304 - main - INFO - Finished deleting all trajectory points in 0.0125 seconds.
2025-06-02 11:52:11,849 - main - INFO - Starting deletion of all trajectory points.
2025-06-02 11:52:11,873 - main - INFO - Finished deleting all trajectory points in 0.0244 seconds.
2025-06-02 11:52:12,532 - main - INFO - Starting deletion of all trajectory points.
2025-06-02 11:52:12,551 - main - INFO - Finished deleting all trajectory points in 0.0197 seconds.
2025-06-02 11:52:12,723 - main - INFO - Starting deletion of all trajectory points.
2025-06-02 11:52:12,742 - main - INFO - Finished deleting all trajectory points in 0.0185 seconds.
2025-06-02 11:52:12,937 - main - INFO - Starting deletion of all trajectory points.
2025-06-02 11:52:12,956 - main - INFO - Finished deleting all trajectory points in 0.0190 seconds.
2025-06-02 11:52:13,196 - main - INFO - Starting deletion of all trajectory points.
2025-06-02 11:52:13,209 - main - INFO - Finished deleting all trajectory points in 0.0136 seconds.
2025-06-02 11:52:13,411 - main - INFO - Starting deletion of all trajectory points.
2025-06-02 11:52:13,424 - main - INFO - Finished deleting all trajectory points in 0.0130 seconds.
2025-06-02 11:52:14,277 - main - INFO - Starting rectangular coverage planning for wall 5.0x5.0 with step size 0.25 and 2 obstacles
2025-06-02 11:52:14,279 - main - ERROR - Error planning trajectory: Obstacle.__init__() missing 2 required positional arguments: 'width' and 'height'
2025-06-02 11:52:24,179 - main - INFO - Retrieved 0 trajectory points.
2025-06-02 11:53:12,241 - main - INFO - Starting rectangular coverage planning for wall 5.5x5.0 with step size 0.25 and 0 obstacles
2025-06-02 11:53:12,325 - main - INFO - Generated 527 trajectory points. Storing in database...
2025-06-02 11:53:13,645 - main - INFO - Starting rectangular coverage planning for wall 5.5x5.0 with step size 0.25 and 0 obstacles
2025-06-02 11:53:13,703 - main - INFO - Generated 527 trajectory points. Storing in database...
2025-06-02 11:53:16,302 - main - INFO - Starting rectangular coverage planning for wall 5.5x5.0 with step size 0.25 and 1 obstacles
2025-06-02 11:53:16,305 - main - ERROR - Error planning trajectory: Obstacle.__init__() missing 2 required positional arguments: 'width' and 'height'
2025-06-02 11:53:18,840 - main - INFO - Finished storing 527 trajectory points in 6.5995 seconds.
2025-06-02 11:53:21,716 - main - INFO - Finished storing 527 trajectory points in 8.0710 seconds.
2025-06-02 11:54:49,658 - databases - INFO - Connected to database sqlite:///./trajectory.db
2025-06-02 11:54:49,659 - main - INFO - Database connected.
2025-06-02 11:54:57,335 - main - INFO - Starting rectangular coverage planning for wall 5.0x5.0 with step size 0.25 and 0 obstacles
2025-06-02 11:54:57,383 - main - INFO - Generated 483 trajectory points. Storing in database...
2025-06-02 11:54:59,769 - main - INFO - Starting rectangular coverage planning for wall 5.0x5.0 with step size 0.25 and 1 obstacles
2025-06-02 11:54:59,884 - main - INFO - Generated 474 trajectory points. Storing in database...
2025-06-02 11:55:03,612 - main - INFO - Starting rectangular coverage planning for wall 5.0x5.0 with step size 0.25 and 1 obstacles
2025-06-02 11:55:03,745 - main - INFO - Generated 474 trajectory points. Storing in database...
2025-06-02 11:55:04,407 - main - INFO - Starting rectangular coverage planning for wall 5.0x5.0 with step size 0.25 and 1 obstacles
2025-06-02 11:55:04,571 - main - INFO - Generated 474 trajectory points. Storing in database...
2025-06-02 11:55:04,625 - main - INFO - Starting rectangular coverage planning for wall 5.0x5.0 with step size 0.25 and 1 obstacles
2025-06-02 11:55:04,775 - main - INFO - Generated 474 trajectory points. Storing in database...
2025-06-02 11:55:07,868 - main - INFO - Finished storing 483 trajectory points in 10.5335 seconds.
2025-06-02 11:55:19,497 - main - INFO - Finished storing 474 trajectory points in 19.7281 seconds.
2025-06-02 11:55:22,028 - main - INFO - Starting rectangular coverage planning for wall 5.0x5.0 with step size 0.25 and 1 obstacles
2025-06-02 11:55:22,152 - main - INFO - Generated 474 trajectory points. Storing in database...
2025-06-02 11:55:23,212 - main - INFO - Finished storing 474 trajectory points in 18.5863 seconds.
2025-06-02 11:55:23,454 - main - INFO - Starting deletion of all trajectory points.
2025-06-02 11:55:24,104 - main - INFO - Finished deleting all trajectory points in 0.6496 seconds.
2025-06-02 11:55:28,224 - main - INFO - Finished storing 474 trajectory points in 23.8176 seconds.
2025-06-02 11:55:28,337 - main - INFO - Finished storing 474 trajectory points in 24.7252 seconds.
2025-06-02 11:55:30,552 - main - INFO - Finished storing 474 trajectory points in 8.5256 seconds.
2025-06-02 11:56:39,539 - main - INFO - Starting rectangular coverage planning for wall 5.0x5.0 with step size 0.25 and 3 obstacles
2025-06-02 11:56:39,692 - main - INFO - Generated 474 trajectory points. Storing in database...
2025-06-02 11:56:39,956 - main - INFO - Starting rectangular coverage planning for wall 5.0x5.0 with step size 0.25 and 3 obstacles
2025-06-02 11:56:40,081 - main - INFO - Generated 474 trajectory points. Storing in database...
2025-06-02 11:56:40,490 - main - INFO - Starting rectangular coverage planning for wall 5.0x5.0 with step size 0.25 and 3 obstacles
2025-06-02 11:56:40,644 - main - INFO - Generated 474 trajectory points. Storing in database...
2025-06-02 11:56:52,351 - main - INFO - Finished storing 474 trajectory points in 11.8607 seconds.
2025-06-02 11:56:53,784 - main - INFO - Finished storing 474 trajectory points in 13.8282 seconds.
2025-06-02 11:56:56,608 - main - INFO - Finished storing 474 trajectory points in 17.0697 seconds.
2025-06-02 11:59:33,023 - main - INFO - Starting rectangular coverage planning for wall 5.0x5.0 with step size 0.25 and 3 obstacles
2025-06-02 11:59:33,026 - main - ERROR - Error planning trajectory: Obstacle.__init__() missing 2 required positional arguments: 'width' and 'height'
2025-06-02 11:59:47,335 - main - INFO - Starting deletion of all trajectory points.
2025-06-02 11:59:47,353 - main - INFO - Finished deleting all trajectory points in 0.0182 seconds.
2025-06-02 11:59:48,060 - main - INFO - Starting deletion of all trajectory points.
2025-06-02 11:59:48,079 - main - INFO - Finished deleting all trajectory points in 0.0188 seconds.
2025-06-02 11:59:48,262 - main - INFO - Starting deletion of all trajectory points.
2025-06-02 11:59:48,279 - main - INFO - Finished deleting all trajectory points in 0.0167 seconds.
2025-06-02 11:59:48,451 - main - INFO - Starting deletion of all trajectory points.
2025-06-02 11:59:48,473 - main - INFO - Finished deleting all trajectory points in 0.0222 seconds.
2025-06-02 11:59:48,643 - main - INFO - Starting deletion of all trajectory points.
2025-06-02 11:59:48,659 - main - INFO - Finished deleting all trajectory points in 0.0168 seconds.
2025-06-02 11:59:48,831 - main - INFO - Starting deletion of all trajectory points.
2025-06-02 11:59:48,849 - main - INFO - Finished deleting all trajectory points in 0.0180 seconds.
2025-06-02 11:59:49,059 - main - INFO - Starting deletion of all trajectory points.
2025-06-02 11:59:49,076 - main - INFO - Finished deleting all trajectory points in 0.0167 seconds.
2025-06-02 11:59:55,960 - databases - INFO - Disconnected from database sqlite:///./trajectory.db
2025-06-02 11:59:55,960 - main - INFO - Database disconnected.
2025-06-02 11:59:55,975 - databases - INFO - Disconnected from database sqlite:///./trajectory.db
2025-06-02 11:59:55,975 - main - INFO - Database disconnected.
2025-06-02 12:02:13,372 - databases - INFO - Connected to database sqlite:///./trajectory.db
2025-06-02 12:02:13,372 - main - INFO - Database connected.
2025-06-02 12:02:13,372 - main - INFO - Database connected.
2025-06-02 12:02:13,375 - main - INFO - Starting rectangular coverage planning for wall 5.0x5.0 with step size 0.25 and 4 obstacles
2025-06-02 12:02:13,376 - main - ERROR - Error planning trajectory:
Traceback (most recent call last):
  File "D:\projects\10x\backend\main.py", line 157, in plan_and_store_rectangular_trajectory
    trajectory_points = plan_rectangular_wall(
                        ^^^^^^^^^^^^^^^^^^^^^^
  File "D:\projects\10x\backend\coverage_planner.py", line 91, in plan_rectangular_wall
    Obstacle(type="circle", x=obs["x"], y=obs["y"], radius=obs["radius"])
TypeError: Obstacle.__init__() missing 2 required positional arguments: 'width' and 'height'
2025-06-02 12:02:13,382 - main - INFO - Starting rectangular coverage planning for wall 5.0x5.0 with step size 0.25 and 4 obstacles
2025-06-02 12:02:13,383 - main - ERROR - Error planning trajectory:
Traceback (most recent call last):
  File "D:\projects\10x\backend\main.py", line 157, in plan_and_store_rectangular_trajectory
    trajectory_points = plan_rectangular_wall(
                        ^^^^^^^^^^^^^^^^^^^^^^
  File "D:\projects\10x\backend\coverage_planner.py", line 91, in plan_rectangular_wall
    Obstacle(type="circle", x=obs["x"], y=obs["y"], radius=obs["radius"])
TypeError: Obstacle.__init__() missing 2 required positional arguments: 'width' and 'height'
2025-06-02 12:02:13,385 - main - INFO - Starting rectangular coverage planning for wall 5.0x5.0 with step size 0.25 and 4 obstacles
2025-06-02 12:02:13,386 - main - ERROR - Error planning trajectory:
Traceback (most recent call last):
  File "D:\projects\10x\backend\main.py", line 157, in plan_and_store_rectangular_trajectory
    trajectory_points = plan_rectangular_wall(
                        ^^^^^^^^^^^^^^^^^^^^^^
  File "D:\projects\10x\backend\coverage_planner.py", line 91, in plan_rectangular_wall
    Obstacle(type="circle", x=obs["x"], y=obs["y"], radius=obs["radius"])
TypeError: Obstacle.__init__() missing 2 required positional arguments: 'width' and 'height'
2025-06-02 12:02:22,029 - main - INFO - Starting rectangular coverage planning for wall 5.0x5.0 with step size 0.25 and 3 obstacles
2025-06-02 12:02:22,030 - main - ERROR - Error planning trajectory:
Traceback (most recent call last):
  File "D:\projects\10x\backend\main.py", line 157, in plan_and_store_rectangular_trajectory
    trajectory_points = plan_rectangular_wall(
                        ^^^^^^^^^^^^^^^^^^^^^^
  File "D:\projects\10x\backend\coverage_planner.py", line 91, in plan_rectangular_wall
    Obstacle(type="circle", x=obs["x"], y=obs["y"], radius=obs["radius"])
TypeError: Obstacle.__init__() missing 2 required positional arguments: 'width' and 'height'
2025-06-02 12:07:54,526 - databases - INFO - Connected to database sqlite:///./trajectory.db
2025-06-02 12:07:54,526 - main - INFO - Database connected.
2025-06-02 12:07:57,631 - main - INFO - Retrieved 0 trajectory points.
2025-06-02 12:08:07,907 - main - INFO - Starting rectangular coverage planning for wall 5.0x5.0 with step size 0.25 and 4 obstacles
2025-06-02 12:08:07,908 - main - ERROR - Error planning trajectory: Obstacle.__init__() missing 2 required positional arguments: 'width' and 'height'
2025-06-02 12:08:44,655 - main - INFO - Starting rectangular coverage planning for wall 5.0x5.0 with step size 0.25 and 3 obstacles
2025-06-02 12:08:44,706 - main - INFO - Generated 474 trajectory points. Storing in database...
2025-06-02 12:08:46,824 - main - INFO - Starting rectangular coverage planning for wall 5.0x5.0 with step size 0.25 and 3 obstacles
2025-06-02 12:08:46,865 - main - INFO - Generated 474 trajectory points. Storing in database...
2025-06-02 12:08:47,317 - main - INFO - Starting rectangular coverage planning for wall 5.0x5.0 with step size 0.25 and 3 obstacles
2025-06-02 12:08:47,357 - main - INFO - Generated 474 trajectory points. Storing in database...
2025-06-02 12:08:47,566 - main - INFO - Starting rectangular coverage planning for wall 5.0x5.0 with step size 0.25 and 3 obstacles
2025-06-02 12:08:47,609 - main - INFO - Generated 474 trajectory points. Storing in database...
2025-06-02 12:08:48,316 - main - INFO - Finished storing 474 trajectory points in 3.6609 seconds.
2025-06-02 12:08:58,733 - main - INFO - Finished storing 474 trajectory points in 11.9091 seconds.
2025-06-02 12:08:59,400 - main - INFO - Finished storing 474 trajectory points in 12.0829 seconds.
2025-06-02 12:09:01,461 - main - INFO - Finished storing 474 trajectory points in 13.8952 seconds.
2025-06-02 12:09:11,936 - main - INFO - Starting rectangular coverage planning for wall 5.0x5.0 with step size 0.25 and 3 obstacles
2025-06-02 12:09:11,936 - main - ERROR - Error planning trajectory: Obstacle.__init__() missing 2 required positional arguments: 'width' and 'height'
2025-06-02 12:09:23,816 - main - INFO - Starting rectangular coverage planning for wall 5.0x5.0 with step size 0.25 and 2 obstacles
2025-06-02 12:09:23,816 - main - ERROR - Error planning trajectory: Obstacle.__init__() missing 2 required positional arguments: 'width' and 'height'
2025-06-02 12:16:31,829 - main - INFO - Starting deletion of all trajectory points.
2025-06-02 12:16:31,846 - main - INFO - Finished deleting all trajectory points in 0.0171 seconds.
2025-06-02 12:16:33,422 - main - INFO - Starting rectangular coverage planning for wall 5.0x5.0 with step size 0.25 and 2 obstacles
2025-06-02 12:16:33,422 - main - ERROR - Error planning trajectory: Obstacle.__init__() missing 2 required positional arguments: 'width' and 'height'
2025-06-02 12:16:38,957 - main - INFO - Starting rectangular coverage planning for wall 5.0x5.0 with step size 0.25 and 2 obstacles
2025-06-02 12:16:38,958 - main - ERROR - Error planning trajectory: Obstacle.__init__() missing 2 required positional arguments: 'width' and 'height'
2025-06-02 12:16:46,616 - main - INFO - Starting deletion of all trajectory points.
2025-06-02 12:16:46,633 - main - INFO - Finished deleting all trajectory points in 0.0165 seconds.
2025-06-02 12:16:47,207 - main - INFO - Starting deletion of all trajectory points.
2025-06-02 12:16:47,216 - main - INFO - Finished deleting all trajectory points in 0.0090 seconds.
2025-06-02 12:16:47,402 - main - INFO - Starting deletion of all trajectory points.
2025-06-02 12:16:47,419 - main - INFO - Finished deleting all trajectory points in 0.0165 seconds.
2025-06-02 12:16:47,618 - main - INFO - Starting deletion of all trajectory points.
2025-06-02 12:16:47,630 - main - INFO - Finished deleting all trajectory points in 0.0122 seconds.
2025-06-02 12:16:47,835 - main - INFO - Starting deletion of all trajectory points.
2025-06-02 12:16:47,847 - main - INFO - Finished deleting all trajectory points in 0.0120 seconds.
2025-06-02 12:16:56,062 - main - INFO - Starting rectangular coverage planning for wall 5.0x5.0 with step size 0.25 and 3 obstacles
2025-06-02 12:16:56,062 - main - ERROR - Error planning trajectory: Obstacle.__init__() missing 2 required positional arguments: 'width' and 'height'
2025-06-02 12:17:05,768 - main - INFO - Retrieved 0 trajectory points.
2025-06-02 12:18:37,259 - main - INFO - Starting rectangular coverage planning for wall 5.0x5.0 with step size 0.25 and 0 obstacles
2025-06-02 12:18:37,312 - main - INFO - Generated 483 trajectory points. Storing in database...
2025-06-02 12:18:39,869 - main - INFO - Starting rectangular coverage planning for wall 5.0x5.0 with step size 0.25 and 0 obstacles
2025-06-02 12:18:39,977 - main - INFO - Generated 483 trajectory points. Storing in database...
2025-06-02 12:18:40,247 - main - INFO - Finished storing 483 trajectory points in 2.9885 seconds.
2025-06-02 12:18:40,250 - main - INFO - Starting rectangular coverage planning for wall 5.0x5.0 with step size 0.25 and 0 obstacles
2025-06-02 12:18:40,373 - main - INFO - Generated 483 trajectory points. Storing in database...
2025-06-02 12:18:40,564 - main - INFO - Starting rectangular coverage planning for wall 5.0x5.0 with step size 0.25 and 0 obstacles
2025-06-02 12:18:40,669 - main - INFO - Generated 483 trajectory points. Storing in database...
2025-06-02 12:18:50,636 - main - INFO - Finished storing 483 trajectory points in 10.0720 seconds.
2025-06-02 12:18:51,642 - main - INFO - Finished storing 483 trajectory points in 11.3914 seconds.
2025-06-02 12:18:51,686 - main - INFO - Finished storing 483 trajectory points in 11.8161 seconds.
2025-06-02 12:24:00,970 - main - INFO - Starting rectangular coverage planning for wall 5.0x5.0 with step size 0.25 and 0 obstacles
2025-06-02 12:24:01,097 - main - INFO - Generated 483 trajectory points. Storing in database...
2025-06-02 12:24:02,637 - main - INFO - Starting rectangular coverage planning for wall 5.0x5.0 with step size 0.25 and 0 obstacles
2025-06-02 12:24:02,780 - main - INFO - Generated 483 trajectory points. Storing in database...
2025-06-02 12:24:02,839 - main - INFO - Starting rectangular coverage planning for wall 5.0x5.0 with step size 0.25 and 0 obstacles
2025-06-02 12:24:02,945 - main - INFO - Generated 483 trajectory points. Storing in database...
2025-06-02 12:24:03,071 - main - INFO - Starting rectangular coverage planning for wall 5.0x5.0 with step size 0.25 and 0 obstacles
2025-06-02 12:24:03,200 - main - INFO - Generated 483 trajectory points. Storing in database...
2025-06-02 12:24:10,497 - main - INFO - Finished storing 483 trajectory points in 9.5273 seconds.
2025-06-02 12:24:14,709 - main - INFO - Finished storing 483 trajectory points in 11.6384 seconds.
2025-06-02 12:24:19,463 - main - INFO - Finished storing 483 trajectory points in 16.8262 seconds.
2025-06-02 12:24:21,486 - main - INFO - Finished storing 483 trajectory points in 18.6475 seconds.
